<?xml version="1.0" encoding="UTF-8"?>
<testsuite xmlns:xsi="http://www.w3.org/2001/XMLSchema-instance" xsi:noNamespaceSchemaLocation="https://maven.apache.org/surefire/maven-surefire-plugin/xsd/surefire-test-report.xsd" version="3.0.2" name="com.sqa.lab.ShiftCipherDecryptTest" time="0.026" tests="12" errors="0" skipped="0" failures="0">
  <properties>
[...]
</properties>
  <testcase name="testDecryptionValid(int, String, int, String)[1]" classname="com.sqa.lab.ShiftCipherDecryptTest" time="0.001">
    <system-out><![CDATA[TC001 | Input=KHOOR | Key=3 | Result=HELLO
]]></system-out>
  </testcase>
  <testcase name="testDecryptionValid(int, String, int, String)[2]" classname="com.sqa.lab.ShiftCipherDecryptTest" time="0.001">
    <system-out><![CDATA[TC002 | Input=GDKKN | Key=-1 | Result=HELLO
]]></system-out>
  </testcase>
  <testcase name="testDecryptionValid(int, String, int, String)[3]" classname="com.sqa.lab.ShiftCipherDecryptTest" time="0.001">
    <system-out><![CDATA[TC003 | Input=WORLD | Key=0 | Result=WORLD
]]></system-out>
  </testcase>
  <testcase name="testDecryptionValid(int, String, int, String)[4]" classname="com.sqa.lab.ShiftCipherDecryptTest" time="0.001">
    <system-out><![CDATA[TC004 | Input=ABC | Key=3 | Result=XYZ
]]></system-out>
  </testcase>
  <testcase name="testDecryptionValid(int, String, int, String)[5]" classname="com.sqa.lab.ShiftCipherDecryptTest" time="0.001">
    <system-out><![CDATA[TC005 | Input=XYZ | Key=-3 | Result=ABC
]]></system-out>
  </testcase>
  <testcase name="testDecryptionValid(int, String, int, String)[6]" classname="com.sqa.lab.ShiftCipherDecryptTest" time="0.001">
    <system-out><![CDATA[TC006 | Input=school | Key=-5 | Result=XHMTTQ
]]></system-out>
  </testcase>
  <testcase name="testDecryptInvalid(int, String, int)[1]" classname="com.sqa.lab.ShiftCipherDecryptTest" time="0.002">
    <system-out><![CDATA[TC007 | Input=/+@_ | Key=2 | Expect Exception
]]></system-out>
  </testcase>
  <testcase name="testDecryptInvalid(int, String, int)[2]" classname="com.sqa.lab.ShiftCipherDecryptTest" time="0.001">
    <system-out><![CDATA[TC008 | Input=12345 | Key=4 | Expect Exception
]]></system-out>
  </testcase>
  <testcase name="testDecryptInvalid(int, String, int)[3]" classname="com.sqa.lab.ShiftCipherDecryptTest" time="0.002">
    <system-out><![CDATA[TC009 | Input=TEST@ | Key=2 | Expect Exception
]]></system-out>
  </testcase>
  <testcase name="testDecryptInvalid(int, String, int)[4]" classname="com.sqa.lab.ShiftCipherDecryptTest" time="0.0">
    <system-out><![CDATA[TC010 | Input=AB12 | Key=5 | Expect Exception
]]></system-out>
  </testcase>
  <testcase name="testDecryptInvalid(int, String, int)[5]" classname="com.sqa.lab.ShiftCipherDecryptTest" time="0.001">
    <system-out><![CDATA[TC011 | Input= | Key=5 | Expect Exception
]]></system-out>
  </testcase>
  <testcase name="testDecryptNullCipherText" classname="com.sqa.lab.ShiftCipherDecryptTest" time="0.001">
    <system-out><![CDATA[TC012 | Input=null | Key=5 | Expect Exception
]]></system-out>
  </testcase>
</testsuite>