<?xml version="1.0" encoding="UTF-8"?>
<testsuite xmlns:xsi="http://www.w3.org/2001/XMLSchema-instance" xsi:noNamespaceSchemaLocation="https://maven.apache.org/surefire/maven-surefire-plugin/xsd/surefire-test-report.xsd" version="3.0.2" name="com.sqa.lab.ShiftCipherEncryptTest" time="0.115" tests="11" errors="0" skipped="0" failures="0">
  <properties>
[...]
</properties>
  <testcase name="testEncryptValid(int, String, int, String)[1]" classname="com.sqa.lab.ShiftCipherEncryptTest" time="0.029">
    <system-out><![CDATA[TC001 | Input=ATTACK | Key=17 | Result=RKKRTB
]]></system-out>
  </testcase>
  <testcase name="testEncryptValid(int, String, int, String)[2]" classname="com.sqa.lab.ShiftCipherEncryptTest" time="0.002">
    <system-out><![CDATA[TC002 | Input=LOVE | Key=-2 | Result=JMTC
]]></system-out>
  </testcase>
  <testcase name="testEncryptValid(int, String, int, String)[3]" classname="com.sqa.lab.ShiftCipherEncryptTest" time="0.001">
    <system-out><![CDATA[TC003 | Input=COMPUTER | Key=-5 | Result=XJHKPOZM
]]></system-out>
  </testcase>
  <testcase name="testEncryptValid(int, String, int, String)[4]" classname="com.sqa.lab.ShiftCipherEncryptTest" time="0.002">
    <system-out><![CDATA[TC004 | Input=ZOO | Key=8 | Result=HWW
]]></system-out>
  </testcase>
  <testcase name="testEncryptValid(int, String, int, String)[5]" classname="com.sqa.lab.ShiftCipherEncryptTest" time="0.002">
    <system-out><![CDATA[TC005 | Input=Student | Key=5 | Result=XYZIJSY
]]></system-out>
  </testcase>
  <testcase name="testEncryptInvalid(int, String, int)[1]" classname="com.sqa.lab.ShiftCipherEncryptTest" time="0.005">
    <system-out><![CDATA[TC006 | Input=NURS@- | Key=1 | Expect Exception
]]></system-out>
  </testcase>
  <testcase name="testEncryptInvalid(int, String, int)[2]" classname="com.sqa.lab.ShiftCipherEncryptTest" time="0.001">
    <system-out><![CDATA[TC007 | Input=123 | Key=8 | Expect Exception
]]></system-out>
  </testcase>
  <testcase name="testEncryptInvalid(int, String, int)[3]" classname="com.sqa.lab.ShiftCipherEncryptTest" time="0.001">
    <system-out><![CDATA[TC008 | Input=ABC# | Key=5 | Expect Exception
]]></system-out>
  </testcase>
  <testcase name="testEncryptInvalid(int, String, int)[4]" classname="com.sqa.lab.ShiftCipherEncryptTest" time="0.001">
    <system-out><![CDATA[TC009 | Input=RI02 | Key=1 | Expect Exception
]]></system-out>
  </testcase>
  <testcase name="testEncryptInvalid(int, String, int)[5]" classname="com.sqa.lab.ShiftCipherEncryptTest" time="0.003">
    <system-out><![CDATA[TC010 | Input= | Key=2 | Expect Exception
]]></system-out>
  </testcase>
  <testcase name="testEncryptNullPlainText" classname="com.sqa.lab.ShiftCipherEncryptTest" time="0.003">
    <system-out><![CDATA[TC011 | Input=null | Key=5 | Expect Exception
]]></system-out>
  </testcase>
</testsuite>