<?xml version="1.0" encoding="UTF-8"?>
<testsuite xmlns:xsi="http://www.w3.org/2001/XMLSchema-instance" xsi:noNamespaceSchemaLocation="https://maven.apache.org/surefire/maven-surefire-plugin/xsd/surefire-test-report.xsd" version="3.0.2" name="com.sqa.lab.CompetitionScoreTest" time="0.111" tests="12" errors="0" skipped="0" failures="0">
  <properties>
[...]
</properties>
  <testcase name="negativeScoreTest" classname="com.sqa.lab.CompetitionScoreTest" time="0.013">
    <system-out><![CDATA[TC008 | Input=-1,100,200 | Result=IllegalArgumentException
]]></system-out>
  </testcase>
  <testcase name="arrayMoreThanThreeTest" classname="com.sqa.lab.CompetitionScoreTest" time="0.006">
    <system-out><![CDATA[TC012 | Input={100,200,300,400} | Result=IllegalArgumentException
]]></system-out>
  </testcase>
  <testcase name="scoreOver500Test" classname="com.sqa.lab.CompetitionScoreTest" time="0.002">
    <system-out><![CDATA[TC009 | Input=501,100,200 | Result=IllegalArgumentException
]]></system-out>
  </testcase>
  <testcase name="nullArrayTest" classname="com.sqa.lab.CompetitionScoreTest" time="0.001">
    <system-out><![CDATA[TC010 | Input=null | Result=IllegalArgumentException
]]></system-out>
  </testcase>
  <testcase name="arrayLessThanThreeTest" classname="com.sqa.lab.CompetitionScoreTest" time="0.001">
    <system-out><![CDATA[TC011 | Input={100,200} | Result=IllegalArgumentException
]]></system-out>
  </testcase>
  <testcase name="testFindMaxScoreArray" classname="com.sqa.lab.CompetitionScoreTest" time="0.001">
    <system-out><![CDATA[TC007 | Input={100,200,300} | Result=300
]]></system-out>
  </testcase>
  <testcase name="testFindMaxScore(int, int, int, int, int)[1]" classname="com.sqa.lab.CompetitionScoreTest" time="0.017">
    <system-out><![CDATA[TC001 | Input=100,200,300 | Result=300
]]></system-out>
  </testcase>
  <testcase name="testFindMaxScore(int, int, int, int, int)[2]" classname="com.sqa.lab.CompetitionScoreTest" time="0.001">
    <system-out><![CDATA[TC002 | Input=450,200,300 | Result=450
]]></system-out>
  </testcase>
  <testcase name="testFindMaxScore(int, int, int, int, int)[3]" classname="com.sqa.lab.CompetitionScoreTest" time="0.001">
    <system-out><![CDATA[TC003 | Input=100,480,300 | Result=480
]]></system-out>
  </testcase>
  <testcase name="testFindMaxScore(int, int, int, int, int)[4]" classname="com.sqa.lab.CompetitionScoreTest" time="0.001">
    <system-out><![CDATA[TC004 | Input=250,250,250 | Result=250
]]></system-out>
  </testcase>
  <testcase name="testFindMaxScore(int, int, int, int, int)[5]" classname="com.sqa.lab.CompetitionScoreTest" time="0.001">
    <system-out><![CDATA[TC005 | Input=0,100,200 | Result=200
]]></system-out>
  </testcase>
  <testcase name="testFindMaxScore(int, int, int, int, int)[6]" classname="com.sqa.lab.CompetitionScoreTest" time="0.002">
    <system-out><![CDATA[TC006 | Input=500,200,300 | Result=500
]]></system-out>
  </testcase>
</testsuite>